<?xml version="1.0" encoding="UTF-8"?>
<testsuite xmlns:xsi="http://www.w3.org/2001/XMLSchema-instance" xsi:noNamespaceSchemaLocation="https://maven.apache.org/surefire/maven-surefire-plugin/xsd/surefire-test-report-3.0.xsd" version="3.0" name="edu.moravian.MultipleChoiceQuestionTest" time="0.002" tests="4" errors="0" skipped="0" failures="0">
  <properties>
    <property name="java.specification.version" value="23"/>
    <property name="sun.jnu.encoding" value="UTF-8"/>
    <property name="java.class.path" value="/Users/dayouba/CSCI220/DevOpsGroupProject/Anthony-Matt-Mael/target/test-classes:/Users/dayouba/CSCI220/DevOpsGroupProject/Anthony-Matt-Mael/target/classes:/Users/dayouba/.m2/repository/org/apache/commons/commons-lang3/3.12.0/commons-lang3-3.12.0.jar:/Users/dayouba/.m2/repository/net/dv8tion/JDA/5.0.0-beta.24/JDA-5.0.0-beta.24.jar:/Users/dayouba/.m2/repository/org/slf4j/slf4j-api/2.0.13/slf4j-api-2.0.13.jar:/Users/dayouba/.m2/repository/com/neovisionaries/nv-websocket-client/2.14/nv-websocket-client-2.14.jar:/Users/dayouba/.m2/repository/com/squareup/okhttp3/okhttp/4.12.0/okhttp-4.12.0.jar:/Users/dayouba/.m2/repository/com/squareup/okio/okio/3.6.0/okio-3.6.0.jar:/Users/dayouba/.m2/repository/com/squareup/okio/okio-jvm/3.6.0/okio-jvm-3.6.0.jar:/Users/dayouba/.m2/repository/org/jetbrains/kotlin/kotlin-stdlib-common/1.9.10/kotlin-stdlib-common-1.9.10.jar:/Users/dayouba/.m2/repository/org/jetbrains/kotlin/kotlin-stdlib-jdk8/1.8.21/kotlin-stdlib-jdk8-1.8.21.jar:/Users/dayouba/.m2/repository/org/jetbrains/kotlin/kotlin-stdlib/1.8.21/kotlin-stdlib-1.8.21.jar:/Users/dayouba/.m2/repository/org/jetbrains/annotations/13.0/annotations-13.0.jar:/Users/dayouba/.m2/repository/org/jetbrains/kotlin/kotlin-stdlib-jdk7/1.8.21/kotlin-stdlib-jdk7-1.8.21.jar:/Users/dayouba/.m2/repository/club/minnced/opus-java/1.1.1/opus-java-1.1.1.jar:/Users/dayouba/.m2/repository/club/minnced/opus-java-api/1.1.1/opus-java-api-1.1.1.jar:/Users/dayouba/.m2/repository/net/java/dev/jna/jna/4.4.0/jna-4.4.0.jar:/Users/dayouba/.m2/repository/club/minnced/opus-java-natives/1.1.1/opus-java-natives-1.1.1.jar:/Users/dayouba/.m2/repository/org/apache/commons/commons-collections4/4.4/commons-collections4-4.4.jar:/Users/dayouba/.m2/repository/net/sf/trove4j/core/3.1.0/core-3.1.0.jar:/Users/dayouba/.m2/repository/com/fasterxml/jackson/core/jackson-core/2.17.0/jackson-core-2.17.0.jar:/Users/dayouba/.m2/repository/com/fasterxml/jackson/core/jackson-databind/2.17.0/jackson-databind-2.17.0.jar:/Users/dayouba/.m2/repository/com/fasterxml/jackson/core/jackson-annotations/2.17.0/jackson-annotations-2.17.0.jar:/Users/dayouba/.m2/repository/net/bytebuddy/byte-buddy/1.14.9/byte-buddy-1.14.9.jar:/Users/dayouba/.m2/repository/io/github/cdimascio/dotenv-java/3.0.0/dotenv-java-3.0.0.jar:/Users/dayouba/.m2/repository/redis/clients/jedis/5.2.0/jedis-5.2.0.jar:/Users/dayouba/.m2/repository/org/apache/commons/commons-pool2/2.12.0/commons-pool2-2.12.0.jar:/Users/dayouba/.m2/repository/org/json/json/20240303/json-20240303.jar:/Users/dayouba/.m2/repository/com/google/code/gson/gson/2.11.0/gson-2.11.0.jar:/Users/dayouba/.m2/repository/com/google/errorprone/error_prone_annotations/2.27.0/error_prone_annotations-2.27.0.jar:/Users/dayouba/.m2/repository/com/github/fppt/jedis-mock/1.1.8/jedis-mock-1.1.8.jar:/Users/dayouba/.m2/repository/org/reflections/reflections/0.10.2/reflections-0.10.2.jar:/Users/dayouba/.m2/repository/org/javassist/javassist/3.28.0-GA/javassist-3.28.0-GA.jar:/Users/dayouba/.m2/repository/com/google/code/findbugs/jsr305/3.0.2/jsr305-3.0.2.jar:/Users/dayouba/.m2/repository/org/luaj/luaj-jse/3.0.1/luaj-jse-3.0.1.jar:/Users/dayouba/.m2/repository/ch/qos/logback/logback-classic/1.5.12/logback-classic-1.5.12.jar:/Users/dayouba/.m2/repository/ch/qos/logback/logback-core/1.5.12/logback-core-1.5.12.jar:/Users/dayouba/.m2/repository/org/junit/jupiter/junit-jupiter/5.8.1/junit-jupiter-5.8.1.jar:/Users/dayouba/.m2/repository/org/junit/jupiter/junit-jupiter-api/5.8.1/junit-jupiter-api-5.8.1.jar:/Users/dayouba/.m2/repository/org/opentest4j/opentest4j/1.2.0/opentest4j-1.2.0.jar:/Users/dayouba/.m2/repository/org/junit/platform/junit-platform-commons/1.8.1/junit-platform-commons-1.8.1.jar:/Users/dayouba/.m2/repository/org/apiguardian/apiguardian-api/1.1.2/apiguardian-api-1.1.2.jar:/Users/dayouba/.m2/repository/org/junit/jupiter/junit-jupiter-params/5.8.1/junit-jupiter-params-5.8.1.jar:/Users/dayouba/.m2/repository/org/junit/jupiter/junit-jupiter-engine/5.8.1/junit-jupiter-engine-5.8.1.jar:/Users/dayouba/.m2/repository/org/junit/platform/junit-platform-engine/1.8.1/junit-platform-engine-1.8.1.jar:"/>
    <property name="java.vm.vendor" value="Homebrew"/>
    <property name="sun.arch.data.model" value="64"/>
    <property name="java.vendor.url" value="https://github.com/Homebrew/homebrew-core/issues"/>
    <property name="os.name" value="Mac OS X"/>
    <property name="java.vm.specification.version" value="23"/>
    <property name="sun.java.launcher" value="SUN_STANDARD"/>
    <property name="user.country" value="US"/>
    <property name="sun.boot.library.path" value="/opt/homebrew/Cellar/openjdk/23.0.2/libexec/openjdk.jdk/Contents/Home/lib"/>
    <property name="sun.java.command" value="/Users/dayouba/CSCI220/DevOpsGroupProject/Anthony-Matt-Mael/target/surefire/surefirebooter-20250412185259520_3.jar /Users/dayouba/CSCI220/DevOpsGroupProject/Anthony-Matt-Mael/target/surefire 2025-04-12T18-52-59_481-jvmRun1 surefire-20250412185259520_1tmp surefire_0-20250412185259520_2tmp"/>
    <property name="http.nonProxyHosts" value="local|*.local|169.254/16|*.169.254/16"/>
    <property name="jdk.debug" value="release"/>
    <property name="surefire.test.class.path" value="/Users/dayouba/CSCI220/DevOpsGroupProject/Anthony-Matt-Mael/target/test-classes:/Users/dayouba/CSCI220/DevOpsGroupProject/Anthony-Matt-Mael/target/classes:/Users/dayouba/.m2/repository/org/apache/commons/commons-lang3/3.12.0/commons-lang3-3.12.0.jar:/Users/dayouba/.m2/repository/net/dv8tion/JDA/5.0.0-beta.24/JDA-5.0.0-beta.24.jar:/Users/dayouba/.m2/repository/org/slf4j/slf4j-api/2.0.13/slf4j-api-2.0.13.jar:/Users/dayouba/.m2/repository/com/neovisionaries/nv-websocket-client/2.14/nv-websocket-client-2.14.jar:/Users/dayouba/.m2/repository/com/squareup/okhttp3/okhttp/4.12.0/okhttp-4.12.0.jar:/Users/dayouba/.m2/repository/com/squareup/okio/okio/3.6.0/okio-3.6.0.jar:/Users/dayouba/.m2/repository/com/squareup/okio/okio-jvm/3.6.0/okio-jvm-3.6.0.jar:/Users/dayouba/.m2/repository/org/jetbrains/kotlin/kotlin-stdlib-common/1.9.10/kotlin-stdlib-common-1.9.10.jar:/Users/dayouba/.m2/repository/org/jetbrains/kotlin/kotlin-stdlib-jdk8/1.8.21/kotlin-stdlib-jdk8-1.8.21.jar:/Users/dayouba/.m2/repository/org/jetbrains/kotlin/kotlin-stdlib/1.8.21/kotlin-stdlib-1.8.21.jar:/Users/dayouba/.m2/repository/org/jetbrains/annotations/13.0/annotations-13.0.jar:/Users/dayouba/.m2/repository/org/jetbrains/kotlin/kotlin-stdlib-jdk7/1.8.21/kotlin-stdlib-jdk7-1.8.21.jar:/Users/dayouba/.m2/repository/club/minnced/opus-java/1.1.1/opus-java-1.1.1.jar:/Users/dayouba/.m2/repository/club/minnced/opus-java-api/1.1.1/opus-java-api-1.1.1.jar:/Users/dayouba/.m2/repository/net/java/dev/jna/jna/4.4.0/jna-4.4.0.jar:/Users/dayouba/.m2/repository/club/minnced/opus-java-natives/1.1.1/opus-java-natives-1.1.1.jar:/Users/dayouba/.m2/repository/org/apache/commons/commons-collections4/4.4/commons-collections4-4.4.jar:/Users/dayouba/.m2/repository/net/sf/trove4j/core/3.1.0/core-3.1.0.jar:/Users/dayouba/.m2/repository/com/fasterxml/jackson/core/jackson-core/2.17.0/jackson-core-2.17.0.jar:/Users/dayouba/.m2/repository/com/fasterxml/jackson/core/jackson-databind/2.17.0/jackson-databind-2.17.0.jar:/Users/dayouba/.m2/repository/com/fasterxml/jackson/core/jackson-annotations/2.17.0/jackson-annotations-2.17.0.jar:/Users/dayouba/.m2/repository/net/bytebuddy/byte-buddy/1.14.9/byte-buddy-1.14.9.jar:/Users/dayouba/.m2/repository/io/github/cdimascio/dotenv-java/3.0.0/dotenv-java-3.0.0.jar:/Users/dayouba/.m2/repository/redis/clients/jedis/5.2.0/jedis-5.2.0.jar:/Users/dayouba/.m2/repository/org/apache/commons/commons-pool2/2.12.0/commons-pool2-2.12.0.jar:/Users/dayouba/.m2/repository/org/json/json/20240303/json-20240303.jar:/Users/dayouba/.m2/repository/com/google/code/gson/gson/2.11.0/gson-2.11.0.jar:/Users/dayouba/.m2/repository/com/google/errorprone/error_prone_annotations/2.27.0/error_prone_annotations-2.27.0.jar:/Users/dayouba/.m2/repository/com/github/fppt/jedis-mock/1.1.8/jedis-mock-1.1.8.jar:/Users/dayouba/.m2/repository/org/reflections/reflections/0.10.2/reflections-0.10.2.jar:/Users/dayouba/.m2/repository/org/javassist/javassist/3.28.0-GA/javassist-3.28.0-GA.jar:/Users/dayouba/.m2/repository/com/google/code/findbugs/jsr305/3.0.2/jsr305-3.0.2.jar:/Users/dayouba/.m2/repository/org/luaj/luaj-jse/3.0.1/luaj-jse-3.0.1.jar:/Users/dayouba/.m2/repository/ch/qos/logback/logback-classic/1.5.12/logback-classic-1.5.12.jar:/Users/dayouba/.m2/repository/ch/qos/logback/logback-core/1.5.12/logback-core-1.5.12.jar:/Users/dayouba/.m2/repository/org/junit/jupiter/junit-jupiter/5.8.1/junit-jupiter-5.8.1.jar:/Users/dayouba/.m2/repository/org/junit/jupiter/junit-jupiter-api/5.8.1/junit-jupiter-api-5.8.1.jar:/Users/dayouba/.m2/repository/org/opentest4j/opentest4j/1.2.0/opentest4j-1.2.0.jar:/Users/dayouba/.m2/repository/org/junit/platform/junit-platform-commons/1.8.1/junit-platform-commons-1.8.1.jar:/Users/dayouba/.m2/repository/org/apiguardian/apiguardian-api/1.1.2/apiguardian-api-1.1.2.jar:/Users/dayouba/.m2/repository/org/junit/jupiter/junit-jupiter-params/5.8.1/junit-jupiter-params-5.8.1.jar:/Users/dayouba/.m2/repository/org/junit/jupiter/junit-jupiter-engine/5.8.1/junit-jupiter-engine-5.8.1.jar:/Users/dayouba/.m2/repository/org/junit/platform/junit-platform-engine/1.8.1/junit-platform-engine-1.8.1.jar:"/>
    <property name="sun.cpu.endian" value="little"/>
    <property name="user.home" value="/Users/dayouba"/>
    <property name="user.language" value="en"/>
    <property name="java.specification.vendor" value="Oracle Corporation"/>
    <property name="java.version.date" value="2025-01-21"/>
    <property name="java.home" value="/opt/homebrew/Cellar/openjdk/23.0.2/libexec/openjdk.jdk/Contents/Home"/>
    <property name="file.separator" value="/"/>
    <property name="basedir" value="/Users/dayouba/CSCI220/DevOpsGroupProject/Anthony-Matt-Mael"/>
    <property name="java.vm.compressedOopsMode" value="Zero based"/>
    <property name="line.separator" value="&#10;"/>
    <property name="java.vm.specification.vendor" value="Oracle Corporation"/>
    <property name="java.specification.name" value="Java Platform API Specification"/>
    <property name="apple.awt.application.name" value="ForkedBooter"/>
    <property name="surefire.real.class.path" value="/Users/dayouba/CSCI220/DevOpsGroupProject/Anthony-Matt-Mael/target/surefire/surefirebooter-20250412185259520_3.jar"/>
    <property name="sun.management.compiler" value="HotSpot 64-Bit Tiered Compilers"/>
    <property name="ftp.nonProxyHosts" value="local|*.local|169.254/16|*.169.254/16"/>
    <property name="java.runtime.version" value="23.0.2"/>
    <property name="user.name" value="dayouba"/>
    <property name="stdout.encoding" value="UTF-8"/>
    <property name="path.separator" value=":"/>
    <property name="os.version" value="15.2"/>
    <property name="java.runtime.name" value="OpenJDK Runtime Environment"/>
    <property name="file.encoding" value="UTF-8"/>
    <property name="java.vm.name" value="OpenJDK 64-Bit Server VM"/>
    <property name="java.vendor.version" value="Homebrew"/>
    <property name="localRepository" value="/Users/dayouba/.m2/repository"/>
    <property name="java.vendor.url.bug" value="https://github.com/Homebrew/homebrew-core/issues"/>
    <property name="java.io.tmpdir" value="/var/folders/8x/zqvgsyzj1dl3jxhqy3p5q9r80000gp/T/"/>
    <property name="java.version" value="23.0.2"/>
    <property name="user.dir" value="/Users/dayouba/CSCI220/DevOpsGroupProject/Anthony-Matt-Mael"/>
    <property name="os.arch" value="aarch64"/>
    <property name="java.vm.specification.name" value="Java Virtual Machine Specification"/>
    <property name="native.encoding" value="UTF-8"/>
    <property name="java.library.path" value="/Users/dayouba/Library/Java/Extensions:/Library/Java/Extensions:/Network/Library/Java/Extensions:/System/Library/Java/Extensions:/usr/lib/java:."/>
    <property name="java.vm.info" value="mixed mode, sharing"/>
    <property name="stderr.encoding" value="UTF-8"/>
    <property name="java.vendor" value="Homebrew"/>
    <property name="java.vm.version" value="23.0.2"/>
    <property name="sun.io.unicode.encoding" value="UnicodeBig"/>
    <property name="socksNonProxyHosts" value="local|*.local|169.254/16|*.169.254/16"/>
    <property name="java.class.version" value="67.0"/>
  </properties>
  <testcase name="testGetRoleForOptionValidIndex" classname="edu.moravian.MultipleChoiceQuestionTest" time="0.0"/>
  <testcase name="testGetOptions" classname="edu.moravian.MultipleChoiceQuestionTest" time="0.001"/>
  <testcase name="testGetText" classname="edu.moravian.MultipleChoiceQuestionTest" time="0.0"/>
  <testcase name="testConstructorValidInputs" classname="edu.moravian.MultipleChoiceQuestionTest" time="0.0"/>
</testsuite>